[2023-07-24 14:27:40.403] [INFO ] [restartedMain] [com.example.laos.laosApplication:logStarting] - Starting laosApplication using Java 17.0.7 on DESKTOP-0KGSBFO with PID 14096 (D:\SON\2023\laos\target\classes started by jihee in D:\SON\2023\laos) 
[2023-07-24 14:27:40.404] [INFO ] [restartedMain] [com.example.laos.laosApplication:logStartupProfileInfo] - No active profile set, falling back to default profiles: default 
[2023-07-24 14:27:40.529] [INFO ] [restartedMain] [com.ulisesbocchio.jasyptspringboot.configuration.EnableEncryptablePropertiesBeanFactoryPostProcessor:postProcessBeanFactory] - Post-processing PropertySource instances 
[2023-07-24 14:27:40.529] [INFO ] [restartedMain] [com.ulisesbocchio.jasyptspringboot.EncryptablePropertySourceConverter:makeEncryptable] - Converting PropertySource configurationProperties [org.springframework.boot.context.properties.source.ConfigurationPropertySourcesPropertySource] to AOP Proxy 
[2023-07-24 14:27:40.530] [INFO ] [restartedMain] [com.ulisesbocchio.jasyptspringboot.EncryptablePropertySourceConverter:makeEncryptable] - Converting PropertySource servletConfigInitParams [org.springframework.core.env.PropertySource$StubPropertySource] to EncryptablePropertySourceWrapper 
[2023-07-24 14:27:40.530] [INFO ] [restartedMain] [com.ulisesbocchio.jasyptspringboot.EncryptablePropertySourceConverter:makeEncryptable] - Converting PropertySource servletContextInitParams [org.springframework.core.env.PropertySource$StubPropertySource] to EncryptablePropertySourceWrapper 
[2023-07-24 14:27:40.530] [INFO ] [restartedMain] [com.ulisesbocchio.jasyptspringboot.EncryptablePropertySourceConverter:makeEncryptable] - Converting PropertySource systemProperties [org.springframework.core.env.PropertiesPropertySource] to EncryptableMapPropertySourceWrapper 
[2023-07-24 14:27:40.530] [INFO ] [restartedMain] [com.ulisesbocchio.jasyptspringboot.EncryptablePropertySourceConverter:makeEncryptable] - Converting PropertySource systemEnvironment [org.springframework.boot.env.SystemEnvironmentPropertySourceEnvironmentPostProcessor$OriginAwareSystemEnvironmentPropertySource] to EncryptableSystemEnvironmentPropertySourceWrapper 
[2023-07-24 14:27:40.530] [INFO ] [restartedMain] [com.ulisesbocchio.jasyptspringboot.EncryptablePropertySourceConverter:makeEncryptable] - Converting PropertySource random [org.springframework.boot.env.RandomValuePropertySource] to EncryptablePropertySourceWrapper 
[2023-07-24 14:27:40.530] [INFO ] [restartedMain] [com.ulisesbocchio.jasyptspringboot.EncryptablePropertySourceConverter:makeEncryptable] - Converting PropertySource Config resource 'class path resource [application.yml]' via location 'optional:classpath:/' [org.springframework.boot.env.OriginTrackedMapPropertySource] to EncryptableMapPropertySourceWrapper 
[2023-07-24 14:27:40.530] [INFO ] [restartedMain] [com.ulisesbocchio.jasyptspringboot.EncryptablePropertySourceConverter:makeEncryptable] - Converting PropertySource devtools [org.springframework.core.env.MapPropertySource] to EncryptableMapPropertySourceWrapper 
[2023-07-24 14:27:40.532] [INFO ] [restartedMain] [com.ulisesbocchio.jasyptspringboot.filter.DefaultLazyPropertyFilter:lambda$null$2] - Property Filter custom Bean not found with name 'encryptablePropertyFilter'. Initializing Default Property Filter 
[2023-07-24 14:27:40.541] [INFO ] [restartedMain] [com.ulisesbocchio.jasyptspringboot.resolver.DefaultLazyPropertyResolver:lambda$null$2] - Property Resolver custom Bean not found with name 'encryptablePropertyResolver'. Initializing Default Property Resolver 
[2023-07-24 14:27:40.541] [INFO ] [restartedMain] [com.ulisesbocchio.jasyptspringboot.detector.DefaultLazyPropertyDetector:lambda$null$2] - Property Detector custom Bean not found with name 'encryptablePropertyDetector'. Initializing Default Property Detector 
[2023-07-24 14:27:40.579] [INFO ] [restartedMain] [org.springframework.boot.web.embedded.tomcat.TomcatWebServer:initialize] - Tomcat initialized with port(s): 8000 (http) 
[2023-07-24 14:27:40.579] [INFO ] [restartedMain] [org.apache.catalina.core.StandardService:log] - Starting service [Tomcat] 
[2023-07-24 14:27:40.580] [INFO ] [restartedMain] [org.apache.catalina.core.StandardEngine:log] - Starting Servlet engine: [Apache Tomcat/9.0.56] 
[2023-07-24 14:27:40.599] [INFO ] [restartedMain] [org.apache.catalina.core.ContainerBase.[Tomcat].[localhost].[/]:log] - Initializing Spring embedded WebApplicationContext 
[2023-07-24 14:27:40.599] [INFO ] [restartedMain] [org.springframework.boot.web.servlet.context.ServletWebServerApplicationContext:prepareWebApplicationContext] - Root WebApplicationContext: initialization completed in 194 ms 
[2023-07-24 14:27:40.675] [INFO ] [restartedMain] [org.springframework.boot.autoconfigure.web.servlet.WelcomePageHandlerMapping:<init>] - Adding welcome page template: index 
[2023-07-24 14:27:40.706] [INFO ] [restartedMain] [org.springframework.boot.devtools.autoconfigure.OptionalLiveReloadServer:startServer] - LiveReload server is running on port 35729 
[2023-07-24 14:27:40.714] [INFO ] [restartedMain] [org.springframework.boot.web.embedded.tomcat.TomcatWebServer:start] - Tomcat started on port(s): 8000 (http) with context path '' 
[2023-07-24 14:27:40.718] [INFO ] [restartedMain] [com.example.laos.laosApplication:logStarted] - Started laosApplication in 0.386 seconds (JVM running for 53.871) 
[2023-07-24 14:27:40.720] [INFO ] [restartedMain] [org.springframework.boot.devtools.autoconfigure.ConditionEvaluationDeltaLoggingListener:onApplicationEvent] - Condition evaluation unchanged 
